[debug] [2024-12-13T05:24:49.487Z] ----------------------------------------------------------------------
[debug] [2024-12-13T05:24:49.493Z] Command:       C:\Program Files\nodejs\node.exe C:\Users\Medina Vallejo\AppData\Roaming\npm\node_modules\firebase-tools\lib\bin\firebase.js init
[debug] [2024-12-13T05:24:49.494Z] CLI Version:   13.29.0
[debug] [2024-12-13T05:24:49.494Z] Platform:      win32
[debug] [2024-12-13T05:24:49.494Z] Node Version:  v20.17.0
[debug] [2024-12-13T05:24:49.495Z] Time:          Fri Dec 13 2024 02:24:49 GMT-0300 (hora estándar de Argentina)
[debug] [2024-12-13T05:24:49.495Z] ----------------------------------------------------------------------
[debug] 
[debug] [2024-12-13T05:24:49.655Z] > command requires scopes: ["email","openid","https://www.googleapis.com/auth/cloudplatformprojects.readonly","https://www.googleapis.com/auth/firebase","https://www.googleapis.com/auth/cloud-platform"]
[debug] [2024-12-13T05:24:49.656Z] > authorizing via signed-in user (medinavallejojoaquin@gmail.com)
[info] 
     ######## #### ########  ######## ########     ###     ######  ########
     ##        ##  ##     ## ##       ##     ##  ##   ##  ##       ##
     ######    ##  ########  ######   ########  #########  ######  ######
     ##        ##  ##    ##  ##       ##     ## ##     ##       ## ##
     ##       #### ##     ## ######## ########  ##     ##  ######  ########

You're about to initialize a Firebase project in this directory:

  C:\mates

Before we get started, keep in mind:

  * You are currently outside your home directory
  * You are initializing within an existing Firebase project directory

